<?xml version="1.0" encoding="UTF-8"?>
<!-- Generated by org.testng.reporters.JUnitReportReporter -->
<testsuite skipped="0" hostname="LT066721" name="com.nbcd.TestRunner.TestRunner" tests="7" failures="0" timestamp="27 Jan 2020 10:38:28 GMT" time="191.818" errors="0">
  <testcase name="tRun" time="191.442" classname="com.nbcd.TestRunner.TestRunner"/>
  <testcase name="tRun" time="0.018" classname="com.nbcd.TestRunner.TestRunner"/>
  <testcase name="tRun" time="0.058" classname="com.nbcd.TestRunner.TestRunner"/>
  <testcase name="tRun" time="0.020" classname="com.nbcd.TestRunner.TestRunner"/>
  <testcase name="tRun" time="0.255" classname="com.nbcd.TestRunner.TestRunner"/>
  <testcase name="tRun" time="0.010" classname="com.nbcd.TestRunner.TestRunner"/>
  <testcase name="tRun" time="0.015" classname="com.nbcd.TestRunner.TestRunner"/>
</testsuite> <!-- com.nbcd.TestRunner.TestRunner -->
