<?xml version="1.0" encoding="UTF-8"?>
<!-- Generated by org.testng.reporters.JUnitReportReporter -->
<testsuite skipped="0" hostname="LT066721" name="com.nbcd.test.OTTNetworksPageRTP4088VizioApp" tests="1" failures="0" timestamp="13 Jan 2020 07:00:58 GMT" time="460.559" errors="0">
  <testcase name="NetworksPageRTP4088" time="460.559" classname="com.nbcd.test.OTTNetworksPageRTP4088VizioApp"/>
</testsuite> <!-- com.nbcd.test.OTTNetworksPageRTP4088VizioApp -->
