<?xml version="1.0" encoding="UTF-8"?>
<!-- Generated by org.testng.reporters.JUnitReportReporter -->
<testsuite skipped="0" hostname="LTUS43208" name="com.nbcd.TestRunner.TestRunner" tests="1" failures="0" timestamp="24 Oct 2017 22:42:48 GMT" time="61.463" errors="0">
  <testcase name="tRun" time="61.463" classname="com.nbcd.TestRunner.TestRunner"/>
</testsuite> <!-- com.nbcd.TestRunner.TestRunner -->
